[debug] [2025-03-27T16:53:46.654Z] ----------------------------------------------------------------------
[debug] [2025-03-27T16:53:46.656Z] Command:       /opt/homebrew/Cellar/node/23.10.0_1/bin/node /opt/homebrew/bin/firebase projects:list
[debug] [2025-03-27T16:53:46.656Z] CLI Version:   13.34.0
[debug] [2025-03-27T16:53:46.656Z] Platform:      darwin
[debug] [2025-03-27T16:53:46.656Z] Node Version:  v23.10.0
[debug] [2025-03-27T16:53:46.656Z] Time:          Thu Mar 27 2025 17:53:46 GMT+0100 (Central European Standard Time)
[debug] [2025-03-27T16:53:46.656Z] ----------------------------------------------------------------------
[debug] 
[debug] [2025-03-27T16:53:46.659Z] > command requires scopes: ["email","openid","https://www.googleapis.com/auth/cloudplatformprojects.readonly","https://www.googleapis.com/auth/firebase","https://www.googleapis.com/auth/cloud-platform"]
[debug] [2025-03-27T16:53:46.659Z] > authorizing via signed-in user (romain@codika.io)
[debug] [2025-03-27T16:53:46.660Z] Checked if tokens are valid: false, expires at: 1742831062728
[debug] [2025-03-27T16:53:46.661Z] Checked if tokens are valid: false, expires at: 1742831062728
[debug] [2025-03-27T16:53:46.661Z] > refreshing access token with scopes: []
[debug] [2025-03-27T16:53:46.661Z] >>> [apiv2][query] POST https://www.googleapis.com/oauth2/v3/token [none]
[debug] [2025-03-27T16:53:46.661Z] >>> [apiv2][body] POST https://www.googleapis.com/oauth2/v3/token [omitted]
[debug] [2025-03-27T16:53:46.856Z] <<< [apiv2][status] POST https://www.googleapis.com/oauth2/v3/token 400
[debug] [2025-03-27T16:53:46.856Z] <<< [apiv2][body] POST https://www.googleapis.com/oauth2/v3/token [omitted]
[error] Authentication Error: Your credentials are no longer valid. Please run firebase login --reauth

For CI servers and headless environments, generate a new token with firebase login:ci
[error] Authentication Error: Your credentials are no longer valid. Please run firebase login --reauth

For CI servers and headless environments, generate a new token with firebase login:ci
[debug] [2025-03-27T16:53:46.856Z] Authentication Error: Your credentials are no longer valid. Please run firebase login --reauth

For CI servers and headless environments, generate a new token with firebase login:ci
[debug] [2025-03-27T16:53:46.949Z] FirebaseError: Authentication Error: Your credentials are no longer valid. Please run firebase login --reauth

For CI servers and headless environments, generate a new token with firebase login:ci
    at invalidCredentialError (/opt/homebrew/lib/node_modules/firebase-tools/lib/auth.js:147:12)
    at refreshTokens (/opt/homebrew/lib/node_modules/firebase-tools/lib/auth.js:539:15)
    at process.processTicksAndRejections (node:internal/process/task_queues:105:5)
    at async getAccessToken (/opt/homebrew/lib/node_modules/firebase-tools/lib/apiv2.js:42:18)
    at async Client.addAuthHeader (/opt/homebrew/lib/node_modules/firebase-tools/lib/apiv2.js:169:21)
    at async Client.request (/opt/homebrew/lib/node_modules/firebase-tools/lib/apiv2.js:120:34)
    at async getProjectPage (/opt/homebrew/lib/node_modules/firebase-tools/lib/management/projects.js:265:17)
    at async getFirebaseProjectPage (/opt/homebrew/lib/node_modules/firebase-tools/lib/management/projects.js:282:23)
    at async listFirebaseProjects (/opt/homebrew/lib/node_modules/firebase-tools/lib/management/projects.js:313:29)
    at async Command.actionFn (/opt/homebrew/lib/node_modules/firebase-tools/lib/commands/projects-list.js:51:20)
[error] 
[error] Error: Failed to list Firebase projects. See firebase-debug.log for more info.
